[2017-04-06 12:24:53] Assignment 1.INFO: Someone checked info ;) [] []
[2017-04-06 12:26:54] Assignment 1.INFO: Someone checked info about a single unicorn ;) [] []
[2017-04-06 12:27:08] Assignment 1.INFO: Someone checked info about all unicorns ;) [] []
[2017-04-06 12:29:19] Assignment 1.INFO: Someone checked info about all unicorns ;) [] []
[2017-04-06 12:29:21] Assignment 1.INFO: Someone checked info about a single unicorn ;)3 [] []
[2017-04-06 13:32:24] Assignment 1.INFO: Someone checked info about unicorn number: [] []
[2017-04-06 13:33:53] Assignment 1.INFO: Someone checked info about all unicorns ;) [] []
[2017-04-06 13:33:57] Assignment 1.INFO: Someone checked info about unicorn number: [] []
[2017-04-06 13:34:18] Assignment 1.INFO: Someone checked info about all unicorns ;) [] []
[2017-04-06 13:34:21] Assignment 1.INFO: Someone checked info about all unicorns ;) [] []
[2017-04-06 13:34:27] Assignment 1.INFO: Someone checked info about all unicorns ;) [] []
[2017-04-06 13:35:06] Assignment 1.INFO: Someone checked info about unicorn number:3 [] []
[2017-04-06 13:35:08] Assignment 1.INFO: Someone checked info about all unicorns ;) [] []
[2017-04-06 13:35:35] Assignment 1.INFO: Someone checked info about all unicorns ;) [] []
[2017-04-06 13:56:30] Assignment 1.INFO: Someone checked info about all unicorns ;) [] []
[2017-04-06 13:56:34] Assignment 1.INFO: Someone checked info about unicorn number:1 [] []
[2017-04-06 13:57:02] Assignment 1.INFO: Someone checked info about unicorn number:4 [] []
[2017-04-06 14:00:12] Assignment 1.INFO: Someone checked info about unicorn number:4 [] []
[2017-04-06 14:06:48] Assignment 1.INFO: Someone checked info about unicorn number:1 [] []
[2017-04-06 14:07:04] Assignment 1.INFO: Someone checked info about unicorn number:3 [] []
[2017-04-06 14:16:42] Assignment 1.INFO: Someone checked info about unicorn number:3 [] []
[2017-04-06 14:17:31] Assignment 1.INFO: Someone checked info about unicorn number:3 [] []
[2017-04-06 14:18:28] Assignment 1.INFO: Someone checked info about unicorn number:3 [] []
[2017-04-06 14:20:20] Assignment 1.INFO: Someone checked info about unicorn number:5 [] []
[2017-04-06 14:20:44] Assignment 1.INFO: Someone checked info about unicorn number:5 [] []
[2017-04-06 14:27:15] Assignment 1.INFO: Someone checked info about unicorn number:5 [] []
[2017-04-06 14:28:21] Assignment 1.INFO: Someone checked info about unicorn number:5 [] []
[2017-04-06 14:29:58] Assignment 1.INFO: Someone checked info about unicorn number:5 [] []
[2017-04-06 14:30:36] Assignment 1.INFO: Someone checked info about unicorn number:5 [] []
[2017-04-06 14:31:17] Assignment 1.INFO: Someone checked info about unicorn number:5 [] []
[2017-04-06 14:33:54] Assignment 1.INFO: Someone checked info about unicorn number:5 [] []
[2017-04-06 14:33:55] Assignment 1.INFO: Someone checked info about all unicorns ;) [] []
[2017-04-06 14:40:28] Assignment 1.INFO: Someone checked info about all unicorns ;) [] []
[2017-04-06 14:41:15] Assignment 1.INFO: Someone checked info about all unicorns ;) [] []
[2017-04-06 14:42:43] Assignment 1.INFO: Someone checked info about all unicorns ;) [] []
[2017-04-06 14:44:13] Assignment 1.INFO: Someone checked info about all unicorns ;) [] []
[2017-04-06 14:44:29] Assignment 1.INFO: Someone checked info about all unicorns ;) [] []
[2017-04-06 14:44:44] Assignment 1.INFO: Someone checked info about unicorn number:3 [] []
[2017-04-06 14:44:47] Assignment 1.INFO: Someone checked info about all unicorns ;) [] []
[2017-04-06 15:01:31] Assignment 1.INFO: Someone checked info about all unicorns ;) [] []
[2017-04-06 15:10:28] Assignment 1.INFO: Someone checked info about all unicorns ;) [] []
[2017-04-06 15:13:41] Assignment 1.INFO: Someone checked info about unicorn number:2 [] []
[2017-04-06 15:13:45] Assignment 1.INFO: Someone checked info about all unicorns ;) [] []
[2017-04-06 15:13:48] Assignment 1.INFO: Someone checked info about unicorn number:6 [] []
[2017-04-06 15:14:47] Assignment 1.INFO: Someone checked info about all unicorns ;) [] []
[2017-04-06 15:16:08] Assignment 1.INFO: Someone checked info about unicorn number:7 [] []
[2017-04-06 15:19:18] Assignment 1.INFO: Someone checked info about all unicorns ;) [] []
[2017-04-06 15:19:56] Assignment 1.INFO: Someone checked info about all unicorns ;) [] []
[2017-04-06 15:20:09] Assignment 1.INFO: Someone checked info about all unicorns ;) [] []
[2017-04-06 15:20:53] Assignment 1.INFO: Someone checked info about all unicorns ;) [] []
[2017-04-06 15:22:23] Assignment 1.INFO: Someone checked info about all unicorns ;) [] []
[2017-04-06 15:24:45] Assignment 1.INFO: Someone checked info about all unicorns ;) [] []
[2017-04-06 15:26:17] Assignment 1.INFO: Someone checked info about all unicorns ;) [] []
[2017-04-06 15:31:59] Assignment 1.INFO: Someone checked info about all unicorns ;) [] []
[2017-04-06 15:32:01] Assignment 1.INFO: Someone checked info about all unicorns ;) [] []
[2017-04-06 15:32:03] Assignment 1.INFO: Someone checked info about all unicorns ;) [] []
[2017-04-06 15:32:04] Assignment 1.INFO: Someone checked info about all unicorns ;) [] []
[2017-04-06 15:32:04] Assignment 1.INFO: Someone checked info about all unicorns ;) [] []
[2017-04-06 15:32:12] Assignment 1.INFO: Someone checked info about all unicorns ;) [] []
[2017-04-06 15:32:13] Assignment 1.INFO: Someone checked info about unicorn number: [] []
[2017-04-06 15:32:17] Assignment 1.INFO: Someone checked info about unicorn number: [] []
[2017-04-06 15:32:38] Assignment 1.INFO: Someone checked info about all unicorns ;) [] []
[2017-04-06 15:32:55] Assignment 1.INFO: Someone checked info about all unicorns ;) [] []
[2017-04-06 15:32:57] Assignment 1.INFO: Someone checked info about unicorn number:5 [] []
[2017-04-06 15:33:34] Assignment 1.INFO: Someone checked info about all unicorns ;) [] []
[2017-04-06 15:33:36] Assignment 1.INFO: Someone checked info about all unicorns ;) [] []
[2017-04-06 15:33:42] Assignment 1.INFO: Someone checked info about all unicorns ;) [] []
[2017-04-06 15:33:53] Assignment 1.INFO: Someone checked info about all unicorns ;) [] []
[2017-04-06 15:33:54] Assignment 1.INFO: Someone checked info about all unicorns ;) [] []
[2017-04-06 15:35:59] Assignment 1.INFO: Someone checked info about unicorn number:2 [] []
[2017-04-06 15:36:03] Assignment 1.INFO: Someone checked info about unicorn number:6 [] []
[2017-04-06 15:40:05] Assignment 1.INFO: Someone checked info about unicorn number:6 [] []
[2017-04-06 15:40:06] Assignment 1.INFO: Someone checked info about all unicorns ;) [] []
[2017-04-06 15:40:31] Assignment 1.INFO: Someone checked info about all unicorns ;) [] []
